0 info it worked if it ends with ok
1 verbose cli [ 'C:\\Program Files\\nodejs\\node.exe',
1 verbose cli   'C:\\Program Files\\nodejs\\node_modules\\npm\\bin\\npm-cli.js',
1 verbose cli   'publish' ]
2 info using npm@3.6.0
3 info using node@v5.7.0
4 verbose publish [ '.' ]
5 silly cache add args [ '.', null ]
6 verbose cache add spec .
7 silly cache add parsed spec Result {
7 silly cache add   raw: '.',
7 silly cache add   scope: null,
7 silly cache add   name: null,
7 silly cache add   rawSpec: '.',
7 silly cache add   spec: 'C:\\works\\__ndfront__\\nd-autocomplete',
7 silly cache add   type: 'directory' }
8 verbose addLocalDirectory C:\Users\Administrator\AppData\Roaming\npm-cache\nd-autocomplete\3.0.3\package.tgz not in flight; packing
9 verbose correctMkdir C:\Users\Administrator\AppData\Roaming\npm-cache correctMkdir not in flight; initializing
10 info lifecycle nd-autocomplete@3.0.3~prepublish: nd-autocomplete@3.0.3
11 verbose lifecycle nd-autocomplete@3.0.3~prepublish: unsafe-perm in lifecycle true
12 verbose lifecycle nd-autocomplete@3.0.3~prepublish: PATH: C:\Program Files\nodejs\node_modules\npm\bin\node-gyp-bin;C:\works\__ndfront__\nd-autocomplete\node_modules\.bin;C:\cmder\bin;C:\Program Files\Git\bin;C:\Program Files\Git\usr\bin;C:\Program Files\Git\share\vim\vim74;C:\cmder\vendor\conemu-maximus5;C:\cmder\vendor\conemu-maximus5\ConEmu;C:\Python27\;C:\Python27\Scripts;C:\windows\system32;C:\windows;C:\windows\System32\Wbem;C:\windows\System32\WindowsPowerShell\v1.0\;C:\Program Files\TortoiseSVN\bin;C:\Program Files (x86)\Git\cmd;C:\Program Files (x86)\Git\bin;C:\Program Files (x86)\NVIDIA Corporation\PhysX\Common;C:\WINDOWS\system32;C:\WINDOWS;C:\WINDOWS\System32\Wbem;C:\WINDOWS\System32\WindowsPowerShell\v1.0\;C:\Program Files (x86)\Windows Kits\8.1\Windows Performance Toolkit\;C:\Program Files\Microsoft SQL Server\120\Tools\Binn\;C:\Program Files\nodejs\;C:\Program Files\Git\cmd;C:\Program Files\Git\mingw64\bin;C:\Program Files\Git\usr\bin;C:\Program Files\MongoDB\Server\3.2\bin;C:\Ruby22-x64\bin;C:\Users\Administrator\AppData\Local\atom\bin;C:\Users\Administrator\AppData\Roaming\npm;C:\cmder
13 verbose lifecycle nd-autocomplete@3.0.3~prepublish: CWD: C:\works\__ndfront__\nd-autocomplete
14 silly lifecycle nd-autocomplete@3.0.3~prepublish: Args: [ '/d /s /c', 'npm run lint' ]
15 silly lifecycle nd-autocomplete@3.0.3~prepublish: Returned: code: 0  signal: null
16 verbose tar pack [ 'C:\\Users\\Administrator\\AppData\\Roaming\\npm-cache\\nd-autocomplete\\3.0.3\\package.tgz',
16 verbose tar pack   'C:\\works\\__ndfront__\\nd-autocomplete' ]
17 verbose tarball C:\Users\Administrator\AppData\Roaming\npm-cache\nd-autocomplete\3.0.3\package.tgz
18 verbose folder C:\works\__ndfront__\nd-autocomplete
19 verbose addLocalTarball adding from inside cache C:\Users\Administrator\AppData\Roaming\npm-cache\nd-autocomplete\3.0.3\package.tgz
20 verbose correctMkdir C:\Users\Administrator\AppData\Roaming\npm-cache correctMkdir not in flight; initializing
21 silly cache afterAdd nd-autocomplete@3.0.3
22 verbose afterAdd C:\Users\Administrator\AppData\Roaming\npm-cache\nd-autocomplete\3.0.3\package\package.json not in flight; writing
23 verbose correctMkdir C:\Users\Administrator\AppData\Roaming\npm-cache correctMkdir not in flight; initializing
24 verbose afterAdd C:\Users\Administrator\AppData\Roaming\npm-cache\nd-autocomplete\3.0.3\package\package.json written
25 silly publish { name: 'nd-autocomplete',
25 silly publish   version: '3.0.3',
25 silly publish   description: '自动补全组件',
25 silly publish   keywords: [],
25 silly publish   homepage: 'https://github.com/ndfront/nd-autocomplete',
25 silly publish   author: { name: 'balaixianren', email: 'huixiang0922@gmail.com' },
25 silly publish   scripts:
25 silly publish    { prepublish: 'npm run lint',
25 silly publish      lint: 'eslint .',
25 silly publish      'lint:fix': 'npm run lint -- --fix',
25 silly publish      test: 'node ./node_modules/karma/bin/karma start ./karma.conf.js',
25 silly publish      'test:dev': 'npm run test -- --watch' },
25 silly publish   repository:
25 silly publish    { type: 'git',
25 silly publish      url: 'git+https://github.com/ndfront/nd-autocomplete.git' },
25 silly publish   bugs: { url: 'https://github.com/ndfront/nd-autocomplete/issues' },
25 silly publish   licenses: 'MIT',
25 silly publish   main: 'index.js',
25 silly publish   dependencies:
25 silly publish    { handlebars: '^4.0.5',
25 silly publish      'nd-overlay': '^3.0.1',
25 silly publish      'nd-spinner': '^3.0.0',
25 silly publish      'nd-template': '^3.0.1',
25 silly publish      'nd-widget': '^3.0.2',
25 silly publish      'nd-jquery': '^2.2.2' },
25 silly publish   devDependencies:
25 silly publish    { chai: '^3.5.0',
25 silly publish      'handlebars-loader': '^1.1.4',
25 silly publish      'isparta-loader': '^2.0.0',
25 silly publish      karma: '^0.13.8',
25 silly publish      'karma-coverage': '^0.5.0',
25 silly publish      'karma-mocha': '^0.2.0',
25 silly publish      'karma-mocha-reporter': '^1.2.2',
25 silly publish      'karma-phantomjs-launcher': '^1.0.0',
25 silly publish      'karma-sourcemap-loader': '^0.3.7',
25 silly publish      'karma-webpack': '^1.7.0',
25 silly publish      mocha: '^2.4.5',
25 silly publish      'phantomjs-polyfill': '0.0.1',
25 silly publish      'phantomjs-prebuilt': '^2.1.3',
25 silly publish      sinon: '^1.17.3',
25 silly publish      'sinon-chai': '^2.8.0',
25 silly publish      webpack: '^1.12.14',
25 silly publish      yargs: '^4.2.0' },
25 silly publish   readme: '# nd-autocomplete\n\n[![Travis](https://img.shields.io/travis/ndfront/nd-autocomplete.svg?style=flat-square)](https://github.com/ndfront/nd-autocomplete)\n[![Coveralls](https://img.shields.io/coveralls/ndfront/nd-autocomplete.svg?style=flat-square)](https://github.com/ndfront/nd-autocomplete)\n[![NPM version](https://img.shields.io/npm/v/nd-autocomplete.svg?style=flat-square)](https://npmjs.org/package/nd-autocomplete)\n\n> 自动补全组件\n\n## 安装\n\n```bash\n$ npm install nd-autocomplete --save\n```\n\n## 使用\n\n```js\nvar AutoComplete = require(\'nd-autocomplete\');\n// use AutoComplete\nnew AutoComplete({\n  trigger: \'input[name="user_id"]\',\n  dataSource: function(keyword, callback){\n    // do some query\n    callbak([...])\n  },\n  strict: true\n}).render()\n```\n',
25 silly publish   readmeFilename: 'README.md',
25 silly publish   gitHead: '26dfe97ef08e28d0682f3d3aaff90c83b61b6cbc',
25 silly publish   _id: 'nd-autocomplete@3.0.3',
25 silly publish   _shasum: 'e2432bc12444df142552a9748059728850bebed0',
25 silly publish   _from: '.' }
26 verbose getPublishConfig undefined
27 silly mapToRegistry name nd-autocomplete
28 silly mapToRegistry using default registry
29 silly mapToRegistry registry https://registry.npmjs.org/
30 silly mapToRegistry uri https://registry.npmjs.org/nd-autocomplete
31 verbose publish registryBase https://registry.npmjs.org/
32 silly publish uploading C:\Users\Administrator\AppData\Roaming\npm-cache\nd-autocomplete\3.0.3\package.tgz
33 verbose request uri https://registry.npmjs.org/nd-autocomplete
34 verbose request sending authorization for write operation
35 info attempt registry request try #1 at 14:24:12
36 verbose request using bearer token for auth
37 verbose request id 5521baf8f13be893
38 http request PUT https://registry.npmjs.org/nd-autocomplete
39 http 403 https://registry.npmjs.org/nd-autocomplete
40 verbose headers { 'content-type': 'application/json',
40 verbose headers   'cache-control': 'max-age=300',
40 verbose headers   'content-length': '95',
40 verbose headers   'accept-ranges': 'bytes',
40 verbose headers   date: 'Fri, 15 Apr 2016 06:24:14 GMT',
40 verbose headers   via: '1.1 varnish',
40 verbose headers   connection: 'keep-alive',
40 verbose headers   'x-served-by': 'cache-itm7421-ITM',
40 verbose headers   'x-cache': 'MISS',
40 verbose headers   'x-cache-hits': '0',
40 verbose headers   'x-timer': 'S1460701454.198422,VS0,VE602',
40 verbose headers   vary: 'Accept-Encoding' }
41 verbose request invalidating C:\Users\Administrator\AppData\Roaming\npm-cache\registry.npmjs.org\nd-autocomplete on PUT
42 error publish Failed PUT 403
43 verbose stack Error: "You cannot publish over the previously published version 3.0.3." : nd-autocomplete
43 verbose stack     at makeError (C:\Program Files\nodejs\node_modules\npm\node_modules\npm-registry-client\lib\request.js:264:12)
43 verbose stack     at CachingRegistryClient.<anonymous> (C:\Program Files\nodejs\node_modules\npm\node_modules\npm-registry-client\lib\request.js:252:14)
43 verbose stack     at Request._callback (C:\Program Files\nodejs\node_modules\npm\node_modules\npm-registry-client\lib\request.js:172:14)
43 verbose stack     at Request.self.callback (C:\Program Files\nodejs\node_modules\npm\node_modules\request\request.js:198:22)
43 verbose stack     at emitTwo (events.js:100:13)
43 verbose stack     at Request.emit (events.js:185:7)
43 verbose stack     at Request.<anonymous> (C:\Program Files\nodejs\node_modules\npm\node_modules\request\request.js:1035:10)
43 verbose stack     at emitOne (events.js:95:20)
43 verbose stack     at Request.emit (events.js:182:7)
43 verbose stack     at IncomingMessage.<anonymous> (C:\Program Files\nodejs\node_modules\npm\node_modules\request\request.js:962:12)
44 verbose statusCode 403
45 verbose pkgid nd-autocomplete
46 verbose cwd C:\works\__ndfront__\nd-autocomplete
47 error Windows_NT 10.0.10586
48 error argv "C:\\Program Files\\nodejs\\node.exe" "C:\\Program Files\\nodejs\\node_modules\\npm\\bin\\npm-cli.js" "publish"
49 error node v5.7.0
50 error npm  v3.6.0
51 error code E403
52 error "You cannot publish over the previously published version 3.0.3." : nd-autocomplete
53 error If you need help, you may report this error at:
53 error     <https://github.com/npm/npm/issues>
54 verbose exit [ 1, true ]
